<?xml version="1.0" encoding="UTF-8"?>
<!-- Generated by org.testng.reporters.JUnitReportReporter -->
<testsuite hostname="Hemlata" failures="0" tests="1" name="com.rahulshettypom.ErrorValidation" time="3.013" errors="0" timestamp="14 Mar 2024 07:22:07 GMT" skipped="0">
  <testcase classname="com.rahulshettypom.ErrorValidation" name="submitOrder" time="3.013"/>
</testsuite> <!-- com.rahulshettypom.ErrorValidation -->
