<?xml version="1.0" encoding="UTF-8"?>
<!-- Generated by org.testng.reporters.JUnitReportReporter -->
<testsuite hostname="Hemlata" failures="0" tests="1" name="com.rahulshettypom.DemoTest" time="0.006" errors="0" timestamp="31 Jan 2024 05:26:15 GMT" skipped="0">
  <testcase classname="com.rahulshettypom.DemoTest" name="testDemo" time="0.006"/>
</testsuite> <!-- com.rahulshettypom.DemoTest -->
