<?xml version="1.0" encoding="UTF-8"?>
<!-- Generated by org.testng.reporters.JUnitReportReporter -->
<testsuite hostname="Hemlata" failures="0" tests="2" name="com.rahulshettypom.SubmitOrderTest" time="9.074" errors="0" timestamp="14 Mar 2024 07:22:07 GMT" skipped="0">
  <testcase classname="com.rahulshettypom.SubmitOrderTest" name="orderHistoryTest" time="4.766"/>
  <testcase classname="com.rahulshettypom.SubmitOrderTest" name="submitOrder" time="4.308"/>
</testsuite> <!-- com.rahulshettypom.SubmitOrderTest -->
