<?xml version="1.0" encoding="UTF-8"?>
<!-- Generated by org.testng.reporters.JUnitReportReporter -->
<testsuite hostname="Hemlata" failures="0" tests="1" name="rahulshetty.StandAloneTest" time="0.014" errors="0" timestamp="15 Mar 2024 13:48:35 GMT" skipped="0">
  <testcase classname="rahulshetty.StandAloneTest" name="testing" time="0.014"/>
</testsuite> <!-- rahulshetty.StandAloneTest -->
