<?xml version="1.0" encoding="UTF-8"?>
<!-- Generated by org.testng.reporters.JUnitReportReporter -->
<testsuite hostname="Hemlata" failures="0" tests="1" name="ExtentReport.ExtentReport1" time="3.721" errors="0" timestamp="2024-05-13T15:11:36 IST" skipped="0">
  <testcase classname="ExtentReport.ExtentReport1" name="initialDemo" time="3.721"/>
  <system-out/>
</testsuite> <!-- ExtentReport.ExtentReport1 -->
