<?xml version="1.0" encoding="UTF-8"?>
<!-- Generated by org.testng.reporters.JUnitReportReporter -->
<testsuite hostname="Hemlata" failures="0" tests="1" name="com.ExtentReport.ExtentReportDemo" time="5.198" errors="0" timestamp="2024-05-13T14:48:28 IST" skipped="0">
  <testcase classname="com.ExtentReport.ExtentReportDemo" name="initialDemo" time="5.198"/>
  <system-out/>
</testsuite> <!-- com.ExtentReport.ExtentReportDemo -->
